c:\projects\ragdoll\ragdollphys\ragdollphys\x64\debug\vc143.pdb
c:\projects\ragdoll\ragdollphys\ragdollphys\x64\debug\vc143.idb
c:\projects\ragdoll\ragdollphys\ragdollphys\x64\debug\vectorlib.obj
c:\projects\ragdoll\ragdollphys\ragdollphys\x64\debug\vector4f.obj
c:\projects\ragdoll\ragdollphys\ragdollphys\x64\debug\vector3f.obj
c:\projects\ragdoll\ragdollphys\ragdollphys\x64\debug\vector2i.obj
c:\projects\ragdoll\ragdollphys\ragdollphys\x64\debug\renderwindow.obj
c:\projects\ragdoll\ragdollphys\ragdollphys\x64\debug\queryrendersample.obj
c:\projects\ragdoll\ragdollphys\ragdollphys\x64\debug\quaternion.obj
c:\projects\ragdoll\ragdollphys\ragdollphys\x64\debug\quadtree.obj
c:\projects\ragdoll\ragdollphys\ragdollphys\x64\debug\matrix4.obj
c:\projects\ragdoll\ragdollphys\ragdollphys\x64\debug\entrypoint.obj
c:\projects\ragdoll\ragdollphys\ragdollphys\x64\debug\aabb.obj
c:\projects\ragdoll\ragdollphys\ragdollphys\x64\debug\ragdollphys.ilk
c:\projects\ragdoll\ragdollphys\x64\debug\ragdollphys.exe
c:\projects\ragdoll\ragdollphys\x64\debug\ragdollphys.pdb
c:\projects\ragdoll\ragdollphys\ragdollphys\x64\debug\ragdollphys.tlog\cl.command.1.tlog
c:\projects\ragdoll\ragdollphys\ragdollphys\x64\debug\ragdollphys.tlog\cl.items.tlog
c:\projects\ragdoll\ragdollphys\ragdollphys\x64\debug\ragdollphys.tlog\cl.read.1.tlog
c:\projects\ragdoll\ragdollphys\ragdollphys\x64\debug\ragdollphys.tlog\cl.write.1.tlog
c:\projects\ragdoll\ragdollphys\ragdollphys\x64\debug\ragdollphys.tlog\link.command.1.tlog
c:\projects\ragdoll\ragdollphys\ragdollphys\x64\debug\ragdollphys.tlog\link.read.1.tlog
c:\projects\ragdoll\ragdollphys\ragdollphys\x64\debug\ragdollphys.tlog\link.write.1.tlog
