c:\projects\ragdoll\ragdollphys\ragdollphys\x64\release\vc143.pdb
c:\projects\ragdoll\ragdollphys\ragdollphys\x64\release\vectorlib.obj
c:\projects\ragdoll\ragdollphys\ragdollphys\x64\release\vector4f.obj
c:\projects\ragdoll\ragdollphys\ragdollphys\x64\release\vector3f.obj
c:\projects\ragdoll\ragdollphys\ragdollphys\x64\release\vector2i.obj
c:\projects\ragdoll\ragdollphys\ragdollphys\x64\release\renderwindow.obj
c:\projects\ragdoll\ragdollphys\ragdollphys\x64\release\queryrendersample.obj
c:\projects\ragdoll\ragdollphys\ragdollphys\x64\release\quaternion.obj
c:\projects\ragdoll\ragdollphys\ragdollphys\x64\release\quadtree.obj
c:\projects\ragdoll\ragdollphys\ragdollphys\x64\release\matrix4.obj
c:\projects\ragdoll\ragdollphys\ragdollphys\x64\release\entrypoint.obj
c:\projects\ragdoll\ragdollphys\ragdollphys\x64\release\aabb.obj
c:\projects\ragdoll\ragdollphys\x64\release\ragdollphys.exe
c:\projects\ragdoll\ragdollphys\ragdollphys\x64\release\ragdollphys.ipdb
c:\projects\ragdoll\ragdollphys\x64\release\ragdollphys.pdb
c:\projects\ragdoll\ragdollphys\ragdollphys\x64\release\ragdollphys.iobj
c:\projects\ragdoll\ragdollphys\ragdollphys\x64\release\ragdollphys.tlog\cl.command.1.tlog
c:\projects\ragdoll\ragdollphys\ragdollphys\x64\release\ragdollphys.tlog\cl.items.tlog
c:\projects\ragdoll\ragdollphys\ragdollphys\x64\release\ragdollphys.tlog\cl.read.1.tlog
c:\projects\ragdoll\ragdollphys\ragdollphys\x64\release\ragdollphys.tlog\cl.write.1.tlog
c:\projects\ragdoll\ragdollphys\ragdollphys\x64\release\ragdollphys.tlog\link.command.1.tlog
c:\projects\ragdoll\ragdollphys\ragdollphys\x64\release\ragdollphys.tlog\link.read.1.tlog
c:\projects\ragdoll\ragdollphys\ragdollphys\x64\release\ragdollphys.tlog\link.write.1.tlog
