  AABB.cpp
  EntryPoint.cpp
C:\projects\ragdoll\ragdollphys\ragdollphys\ShaderProgram.h(154,19): warning C4244: 'initializing': conversion from 'double' to 'float', possible loss of data
  (compiling source file 'EntryPoint.cpp')
  
  Matrix4.cpp
C:\projects\ragdoll\ragdollphys\ragdollphys\Matrix4.cpp(654,42): warning C4244: 'argument': conversion from 'int' to 'float', possible loss of data
C:\projects\ragdoll\ragdollphys\ragdollphys\Matrix4.cpp(654,24): warning C4244: 'argument': conversion from 'int' to 'float', possible loss of data
C:\projects\ragdoll\ragdollphys\ragdollphys\Matrix4.cpp(655,43): warning C4244: 'argument': conversion from 'int' to 'float', possible loss of data
C:\projects\ragdoll\ragdollphys\ragdollphys\Matrix4.cpp(655,19): warning C4244: 'argument': conversion from 'int' to 'float', possible loss of data
  QuadTree.cpp
C:\projects\ragdoll\ragdollphys\ragdollphys\ShaderProgram.h(154,19): warning C4244: 'initializing': conversion from 'double' to 'float', possible loss of data
  (compiling source file 'QuadTree.cpp')
  
  QuadTree.h
C:\projects\ragdoll\ragdollphys\ragdollphys\ShaderProgram.h(154,19): warning C4244: 'initializing': conversion from 'double' to 'float', possible loss of data
  (compiling source file 'QuadTree.h')
  
  Quaternion.cpp
C:\projects\ragdoll\ragdollphys\ragdollphys\Quaternion.cpp(208,48): warning C4244: 'argument': conversion from 'float' to 'int', possible loss of data
  QueryRenderSample.cpp
C:\projects\ragdoll\ragdollphys\ragdollphys\ShaderProgram.h(154,19): warning C4244: 'initializing': conversion from 'double' to 'float', possible loss of data
  (compiling source file 'QueryRenderSample.cpp')
  
  RenderWindow.cpp
C:\projects\ragdoll\ragdollphys\ragdollphys\ShaderProgram.h(154,19): warning C4244: 'initializing': conversion from 'double' to 'float', possible loss of data
  (compiling source file 'RenderWindow.cpp')
  
  Vector2i.cpp
C:\projects\ragdoll\ragdollphys\ragdollphys\Vector2i.cpp(55,40): warning C4244: 'argument': conversion from 'int' to 'float', possible loss of data
C:\projects\ragdoll\ragdollphys\ragdollphys\Vector2i.cpp(55,37): warning C4244: 'argument': conversion from 'int' to 'float', possible loss of data
C:\projects\ragdoll\ragdollphys\ragdollphys\Vector2i.cpp(78,16): warning C4244: 'return': conversion from 'double' to 'float', possible loss of data
C:\projects\ragdoll\ragdollphys\ragdollphys\Vector2i.cpp(83,20): warning C4244: 'return': conversion from 'int' to 'float', possible loss of data
  Vector3f.cpp
  Vector4f.cpp
  VectorLib.cpp
x64\Release\QuadTree.obj : warning LNK4042: object specified more than once; extras ignored
  Generating code
  Previous IPDB not found, fall back to full compilation.
  All 700 functions were compiled because no usable IPDB/IOBJ from previous compilation was found.
  Finished generating code
  ragdollphys.vcxproj -> C:\projects\ragdoll\ragdollphys\x64\Release\ragdollphys.exe
