c:\projects\ragdoll\ragdollphys\ragdollphys\glfw-3.3.9\build\examples\particles.dir\release\glad_gl.obj
c:\projects\ragdoll\ragdollphys\ragdollphys\glfw-3.3.9\build\examples\particles.dir\release\getopt.obj
c:\projects\ragdoll\ragdollphys\ragdollphys\glfw-3.3.9\build\examples\particles.dir\release\tinycthread.obj
c:\projects\ragdoll\ragdollphys\ragdollphys\glfw-3.3.9\build\examples\particles.dir\release\particles.obj
c:\projects\ragdoll\ragdollphys\ragdollphys\glfw-3.3.9\build\examples\cmakefiles\generate.stamp
c:\projects\ragdoll\ragdollphys\ragdollphys\glfw-3.3.9\build\examples\release\particles.exe
c:\projects\ragdoll\ragdollphys\ragdollphys\glfw-3.3.9\build\examples\particles.dir\release\glfw.res
c:\projects\ragdoll\ragdollphys\ragdollphys\glfw-3.3.9\build\examples\particles.dir\release\particles.tlog\cl.command.1.tlog
c:\projects\ragdoll\ragdollphys\ragdollphys\glfw-3.3.9\build\examples\particles.dir\release\particles.tlog\cl.items.tlog
c:\projects\ragdoll\ragdollphys\ragdollphys\glfw-3.3.9\build\examples\particles.dir\release\particles.tlog\cl.read.1.tlog
c:\projects\ragdoll\ragdollphys\ragdollphys\glfw-3.3.9\build\examples\particles.dir\release\particles.tlog\cl.write.1.tlog
c:\projects\ragdoll\ragdollphys\ragdollphys\glfw-3.3.9\build\examples\particles.dir\release\particles.tlog\custombuild.command.1.tlog
c:\projects\ragdoll\ragdollphys\ragdollphys\glfw-3.3.9\build\examples\particles.dir\release\particles.tlog\custombuild.read.1.tlog
c:\projects\ragdoll\ragdollphys\ragdollphys\glfw-3.3.9\build\examples\particles.dir\release\particles.tlog\custombuild.write.1.tlog
c:\projects\ragdoll\ragdollphys\ragdollphys\glfw-3.3.9\build\examples\particles.dir\release\particles.tlog\link.command.1.tlog
c:\projects\ragdoll\ragdollphys\ragdollphys\glfw-3.3.9\build\examples\particles.dir\release\particles.tlog\link.read.1.tlog
c:\projects\ragdoll\ragdollphys\ragdollphys\glfw-3.3.9\build\examples\particles.dir\release\particles.tlog\link.write.1.tlog
c:\projects\ragdoll\ragdollphys\ragdollphys\glfw-3.3.9\build\examples\particles.dir\release\particles.tlog\rc.command.1.tlog
c:\projects\ragdoll\ragdollphys\ragdollphys\glfw-3.3.9\build\examples\particles.dir\release\particles.tlog\rc.read.1.tlog
c:\projects\ragdoll\ragdollphys\ragdollphys\glfw-3.3.9\build\examples\particles.dir\release\particles.tlog\rc.write.1.tlog
