c:\projects\ragdoll\ragdollphys\ragdollphys\glfw-3.3.9\build\src\glfw.dir\release\osmesa_context.obj
c:\projects\ragdoll\ragdollphys\ragdollphys\glfw-3.3.9\build\src\glfw.dir\release\egl_context.obj
c:\projects\ragdoll\ragdollphys\ragdollphys\glfw-3.3.9\build\src\glfw.dir\release\wgl_context.obj
c:\projects\ragdoll\ragdollphys\ragdollphys\glfw-3.3.9\build\src\glfw.dir\release\win32_window.obj
c:\projects\ragdoll\ragdollphys\ragdollphys\glfw-3.3.9\build\src\glfw.dir\release\win32_thread.obj
c:\projects\ragdoll\ragdollphys\ragdollphys\glfw-3.3.9\build\src\glfw.dir\release\win32_time.obj
c:\projects\ragdoll\ragdollphys\ragdollphys\glfw-3.3.9\build\src\glfw.dir\release\win32_monitor.obj
c:\projects\ragdoll\ragdollphys\ragdollphys\glfw-3.3.9\build\src\glfw.dir\release\win32_joystick.obj
c:\projects\ragdoll\ragdollphys\ragdollphys\glfw-3.3.9\build\src\glfw.dir\release\win32_init.obj
c:\projects\ragdoll\ragdollphys\ragdollphys\glfw-3.3.9\build\src\glfw.dir\release\window.obj
c:\projects\ragdoll\ragdollphys\ragdollphys\glfw-3.3.9\build\src\glfw.dir\release\vulkan.obj
c:\projects\ragdoll\ragdollphys\ragdollphys\glfw-3.3.9\build\src\glfw.dir\release\monitor.obj
c:\projects\ragdoll\ragdollphys\ragdollphys\glfw-3.3.9\build\src\glfw.dir\release\input.obj
c:\projects\ragdoll\ragdollphys\ragdollphys\glfw-3.3.9\build\src\glfw.dir\release\init.obj
c:\projects\ragdoll\ragdollphys\ragdollphys\glfw-3.3.9\build\src\glfw.dir\release\context.obj
c:\projects\ragdoll\ragdollphys\ragdollphys\glfw-3.3.9\build\src\cmakefiles\generate.stamp
c:\projects\ragdoll\ragdollphys\ragdollphys\glfw-3.3.9\build\src\release\glfw3.lib
c:\projects\ragdoll\ragdollphys\ragdollphys\glfw-3.3.9\build\src\glfw.dir\release\glfw.tlog\cl.command.1.tlog
c:\projects\ragdoll\ragdollphys\ragdollphys\glfw-3.3.9\build\src\glfw.dir\release\glfw.tlog\cl.items.tlog
c:\projects\ragdoll\ragdollphys\ragdollphys\glfw-3.3.9\build\src\glfw.dir\release\glfw.tlog\cl.read.1.tlog
c:\projects\ragdoll\ragdollphys\ragdollphys\glfw-3.3.9\build\src\glfw.dir\release\glfw.tlog\cl.write.1.tlog
c:\projects\ragdoll\ragdollphys\ragdollphys\glfw-3.3.9\build\src\glfw.dir\release\glfw.tlog\custombuild.command.1.tlog
c:\projects\ragdoll\ragdollphys\ragdollphys\glfw-3.3.9\build\src\glfw.dir\release\glfw.tlog\custombuild.read.1.tlog
c:\projects\ragdoll\ragdollphys\ragdollphys\glfw-3.3.9\build\src\glfw.dir\release\glfw.tlog\custombuild.write.1.tlog
c:\projects\ragdoll\ragdollphys\ragdollphys\glfw-3.3.9\build\src\glfw.dir\release\glfw.tlog\lib-link.read.1.tlog
c:\projects\ragdoll\ragdollphys\ragdollphys\glfw-3.3.9\build\src\glfw.dir\release\glfw.tlog\lib-link.write.1.tlog
c:\projects\ragdoll\ragdollphys\ragdollphys\glfw-3.3.9\build\src\glfw.dir\release\glfw.tlog\lib.command.1.tlog
